[debug] [2025-02-24T17:17:34.451Z] ----------------------------------------------------------------------
[debug] [2025-02-24T17:17:34.454Z] Command:       C:\Program Files\nodejs\node.exe C:\Program Files\nodejs\node_modules\firebase-tools\lib\bin\firebase.js init functions
[debug] [2025-02-24T17:17:34.455Z] CLI Version:   13.31.2
[debug] [2025-02-24T17:17:34.455Z] Platform:      win32
[debug] [2025-02-24T17:17:34.455Z] Node Version:  v20.17.0
[debug] [2025-02-24T17:17:34.455Z] Time:          Mon Feb 24 2025 22:47:34 GMT+0530 (India Standard Time)
[debug] [2025-02-24T17:17:34.455Z] ----------------------------------------------------------------------
[debug] 
[debug] [2025-02-24T17:17:34.463Z] > command requires scopes: ["email","openid","https://www.googleapis.com/auth/cloudplatformprojects.readonly","https://www.googleapis.com/auth/firebase","https://www.googleapis.com/auth/cloud-platform"]
[debug] [2025-02-24T17:17:34.464Z] > authorizing via signed-in user (nivisw04@gmail.com)
[info] 
     ######## #### ########  ######## ########     ###     ######  ########
     ##        ##  ##     ## ##       ##     ##  ##   ##  ##       ##
     ######    ##  ########  ######   ########  #########  ######  ######
     ##        ##  ##    ##  ##       ##     ## ##     ##       ## ##
     ##       #### ##     ## ######## ########  ##     ##  ######  ########

You're about to initialize a Firebase project in this directory:

  C:\Users\Admin\OneDrive\Documents\GitHub\HealthCamp\healthCamp

[info] 
=== Project Setup
[info] 
[info] First, let's associate this project directory with a Firebase project.
[info] You can create multiple project aliases by running firebase use --add, 
[info] but for now we'll just set up a default project.
[info] 
[debug] [2025-02-24T17:18:09.927Z] Checked if tokens are valid: false, expires at: 1717645017492
[debug] [2025-02-24T17:18:09.927Z] Checked if tokens are valid: false, expires at: 1717645017492
[debug] [2025-02-24T17:18:09.928Z] > refreshing access token with scopes: []
[debug] [2025-02-24T17:18:09.932Z] >>> [apiv2][query] POST https://www.googleapis.com/oauth2/v3/token [none]
[debug] [2025-02-24T17:18:09.932Z] >>> [apiv2][body] POST https://www.googleapis.com/oauth2/v3/token [omitted]
[debug] [2025-02-24T17:18:10.146Z] <<< [apiv2][status] POST https://www.googleapis.com/oauth2/v3/token 400
[debug] [2025-02-24T17:18:10.147Z] <<< [apiv2][body] POST https://www.googleapis.com/oauth2/v3/token [omitted]
[debug] [2025-02-24T17:18:10.148Z] >>> [apiv2][query] GET https://firebase.googleapis.com/v1beta1/projects pageSize=100
[debug] [2025-02-24T17:18:10.442Z] <<< [apiv2][status] GET https://firebase.googleapis.com/v1beta1/projects 401
[debug] [2025-02-24T17:18:10.443Z] <<< [apiv2][body] GET https://firebase.googleapis.com/v1beta1/projects [omitted]
[debug] [2025-02-24T17:18:10.443Z] Got a 401 Unauthenticated error for a call that required authentication. Refreshing tokens.
[debug] [2025-02-24T17:18:10.443Z] Checked if tokens are valid: false, expires at: 1717645017492
[debug] [2025-02-24T17:18:10.443Z] Checked if tokens are valid: false, expires at: 1717645017492
[debug] [2025-02-24T17:18:10.444Z] > refreshing access token with scopes: []
[debug] [2025-02-24T17:18:10.445Z] >>> [apiv2][query] POST https://www.googleapis.com/oauth2/v3/token [none]
[debug] [2025-02-24T17:18:10.445Z] >>> [apiv2][body] POST https://www.googleapis.com/oauth2/v3/token [omitted]
[debug] [2025-02-24T17:18:10.568Z] <<< [apiv2][status] POST https://www.googleapis.com/oauth2/v3/token 400
[debug] [2025-02-24T17:18:10.569Z] <<< [apiv2][body] POST https://www.googleapis.com/oauth2/v3/token [omitted]
[debug] [2025-02-24T17:18:10.572Z] Request to https://firebase.googleapis.com/v1beta1/projects?pageSize=100 had HTTP Error: 401, Request had invalid authentication credentials. Expected OAuth 2 access token, login cookie or other valid authentication credential. See https://developers.google.com/identity/sign-in/web/devconsole-project.
[debug] [2025-02-24T17:18:10.739Z] FirebaseError: Request to https://firebase.googleapis.com/v1beta1/projects?pageSize=100 had HTTP Error: 401, Request had invalid authentication credentials. Expected OAuth 2 access token, login cookie or other valid authentication credential. See https://developers.google.com/identity/sign-in/web/devconsole-project.
    at responseToError (C:\Users\Admin\AppData\Roaming\nvm\v20.17.0\node_modules\firebase-tools\lib\responseToError.js:52:12)
    at RetryOperation._fn (C:\Users\Admin\AppData\Roaming\nvm\v20.17.0\node_modules\firebase-tools\lib\apiv2.js:312:77)
    at process.processTicksAndRejections (node:internal/process/task_queues:95:5)
[error] 
[error] Error: Failed to list Firebase projects. See firebase-debug.log for more info.
